<?xml version="1.0" encoding="UTF-8"?>
<testsuite xmlns:xsi="http://www.w3.org/2001/XMLSchema-instance" xsi:noNamespaceSchemaLocation="https://maven.apache.org/surefire/maven-surefire-plugin/xsd/surefire-test-report.xsd" name="TestSuite" time="123.311" tests="1" errors="0" skipped="0" failures="1">
  <properties>
    <property name="java.specification.version" value="13"/>
    <property name="sun.cpu.isalist" value="amd64"/>
    <property name="sun.jnu.encoding" value="Cp1252"/>
    <property name="java.class.path" value="C:\Users\mootez\eclipse-workspace\testauto-web-mobile\web\target\test-classes;C:\Users\mootez\eclipse-workspace\testauto-web-mobile\web\target\classes;C:\Users\mootez\.m2\repository\junit\junit\4.12\junit-4.12.jar;C:\Users\mootez\.m2\repository\org\hamcrest\hamcrest-core\1.3\hamcrest-core-1.3.jar;C:\Users\mootez\.m2\repository\info\cukes\cucumber-junit\1.2.4\cucumber-junit-1.2.4.jar;C:\Users\mootez\.m2\repository\info\cukes\cucumber-core\1.2.4\cucumber-core-1.2.4.jar;C:\Users\mootez\.m2\repository\info\cukes\cucumber-html\0.2.3\cucumber-html-0.2.3.jar;C:\Users\mootez\.m2\repository\info\cukes\cucumber-jvm-deps\1.0.5\cucumber-jvm-deps-1.0.5.jar;C:\Users\mootez\.m2\repository\info\cukes\gherkin\2.12.2\gherkin-2.12.2.jar;C:\Users\mootez\.m2\repository\info\cukes\cucumber-java\1.2.4\cucumber-java-1.2.4.jar;C:\Users\mootez\.m2\repository\log4j\log4j\1.2.17\log4j-1.2.17.jar;C:\Users\mootez\.m2\repository\org\assertj\assertj-core\3.2.0\assertj-core-3.2.0.jar;C:\Users\mootez\.m2\repository\net\sourceforge\jexcelapi\jxl\2.6.12\jxl-2.6.12.jar;C:\Users\mootez\.m2\repository\commons-codec\commons-codec\1.10\commons-codec-1.10.jar;C:\Users\mootez\.m2\repository\net\code-story\simplelenium\2.2\simplelenium-2.2.jar;C:\Users\mootez\.m2\repository\org\seleniumhq\selenium\selenium-support\3.0.1\selenium-support-3.0.1.jar;C:\Users\mootez\.m2\repository\org\seleniumhq\selenium\selenium-chrome-driver\3.0.1\selenium-chrome-driver-3.0.1.jar;C:\Users\mootez\.m2\repository\org\apache\commons\commons-compress\1.12\commons-compress-1.12.jar;C:\Users\mootez\.m2\repository\org\slf4j\slf4j-log4j12\1.7.18\slf4j-log4j12-1.7.18.jar;C:\Users\mootez\.m2\repository\org\slf4j\slf4j-api\1.7.18\slf4j-api-1.7.18.jar;C:\Users\mootez\.m2\repository\com\codeborne\selenide\5.2.8\selenide-5.2.8.jar;C:\Users\mootez\.m2\repository\io\github\bonigarcia\webdrivermanager\3.6.1\webdrivermanager-3.6.1.jar;C:\Users\mootez\.m2\repository\org\rauschig\jarchivelib\1.0.0\jarchivelib-1.0.0.jar;C:\Users\mootez\.m2\repository\net\lightbody\bmp\browsermob-core\2.1.5\browsermob-core-2.1.5.jar;C:\Users\mootez\.m2\repository\net\lightbody\bmp\littleproxy\1.1.0-beta-bmp-17\littleproxy-1.1.0-beta-bmp-17.jar;C:\Users\mootez\.m2\repository\com\fasterxml\jackson\core\jackson-core\2.8.9\jackson-core-2.8.9.jar;C:\Users\mootez\.m2\repository\com\fasterxml\jackson\core\jackson-databind\2.8.9\jackson-databind-2.8.9.jar;C:\Users\mootez\.m2\repository\com\fasterxml\jackson\core\jackson-annotations\2.8.9\jackson-annotations-2.8.9.jar;C:\Users\mootez\.m2\repository\dnsjava\dnsjava\2.1.8\dnsjava-2.1.8.jar;C:\Users\mootez\.m2\repository\org\slf4j\jcl-over-slf4j\1.7.25\jcl-over-slf4j-1.7.25.jar;C:\Users\mootez\.m2\repository\com\jcraft\jzlib\1.1.3\jzlib-1.1.3.jar;C:\Users\mootez\.m2\repository\io\netty\netty-all\4.0.51.Final\netty-all-4.0.51.Final.jar;C:\Users\mootez\.m2\repository\org\bouncycastle\bcprov-jdk15on\1.58\bcprov-jdk15on-1.58.jar;C:\Users\mootez\.m2\repository\org\bouncycastle\bcpkix-jdk15on\1.58\bcpkix-jdk15on-1.58.jar;C:\Users\mootez\.m2\repository\net\lightbody\bmp\mitm\2.1.5\mitm-2.1.5.jar;C:\Users\mootez\.m2\repository\org\seleniumhq\selenium\selenium-java\3.8.0\selenium-java-3.8.0.jar;C:\Users\mootez\.m2\repository\org\seleniumhq\selenium\selenium-api\3.8.0\selenium-api-3.8.0.jar;C:\Users\mootez\.m2\repository\org\seleniumhq\selenium\selenium-edge-driver\3.8.0\selenium-edge-driver-3.8.0.jar;C:\Users\mootez\.m2\repository\org\seleniumhq\selenium\selenium-opera-driver\3.8.0\selenium-opera-driver-3.8.0.jar;C:\Users\mootez\.m2\repository\org\seleniumhq\selenium\selenium-safari-driver\3.8.0\selenium-safari-driver-3.8.0.jar;C:\Users\mootez\.m2\repository\net\bytebuddy\byte-buddy\1.7.5\byte-buddy-1.7.5.jar;C:\Users\mootez\.m2\repository\org\apache\commons\commons-exec\1.3\commons-exec-1.3.jar;C:\Users\mootez\.m2\repository\commons-logging\commons-logging\1.2\commons-logging-1.2.jar;C:\Users\mootez\.m2\repository\com\google\code\gson\gson\2.8.2\gson-2.8.2.jar;C:\Users\mootez\.m2\repository\com\google\guava\guava\23.0\guava-23.0.jar;C:\Users\mootez\.m2\repository\com\google\code\findbugs\jsr305\1.3.9\jsr305-1.3.9.jar;C:\Users\mootez\.m2\repository\com\google\errorprone\error_prone_annotations\2.0.18\error_prone_annotations-2.0.18.jar;C:\Users\mootez\.m2\repository\com\google\j2objc\j2objc-annotations\1.1\j2objc-annotations-1.1.jar;C:\Users\mootez\.m2\repository\org\codehaus\mojo\animal-sniffer-annotations\1.14\animal-sniffer-annotations-1.14.jar;C:\Users\mootez\.m2\repository\org\apache\httpcomponents\httpclient\4.5.3\httpclient-4.5.3.jar;C:\Users\mootez\.m2\repository\org\apache\httpcomponents\httpcore\4.4.6\httpcore-4.4.6.jar;C:\Users\mootez\.m2\repository\javax\mail\mail\1.4.7\mail-1.4.7.jar;C:\Users\mootez\.m2\repository\javax\activation\activation\1.1\activation-1.1.jar;C:\Users\mootez\.m2\repository\org\apache\poi\poi\3.7\poi-3.7.jar;C:\Users\mootez\.m2\repository\org\apache\commons\commons-lang3\3.9\commons-lang3-3.9.jar;C:\Users\mootez\.m2\repository\org\apache\poi\poi-ooxml\3.7\poi-ooxml-3.7.jar;C:\Users\mootez\.m2\repository\org\apache\poi\poi-ooxml-schemas\3.7\poi-ooxml-schemas-3.7.jar;C:\Users\mootez\.m2\repository\org\apache\xmlbeans\xmlbeans\2.3.0\xmlbeans-2.3.0.jar;C:\Users\mootez\.m2\repository\stax\stax-api\1.0.1\stax-api-1.0.1.jar;C:\Users\mootez\.m2\repository\org\apache\geronimo\specs\geronimo-stax-api_1.0_spec\1.0\geronimo-stax-api_1.0_spec-1.0.jar;C:\Users\mootez\.m2\repository\dom4j\dom4j\1.6.1\dom4j-1.6.1.jar;C:\Users\mootez\.m2\repository\org\apache\poi\poi-scratchpad\3.17\poi-scratchpad-3.17.jar;C:\Users\mootez\.m2\repository\com\sikulix\sikulixapi\1.1.0\sikulixapi-1.1.0.jar;C:\Users\mootez\.m2\repository\commons-cli\commons-cli\1.2\commons-cli-1.2.jar;C:\Users\mootez\.m2\repository\com\melloware\jintellitype\1.3.7\jintellitype-1.3.7.jar;C:\Users\mootez\.m2\repository\jxgrabkey\jxgrabkey\1.0\jxgrabkey-1.0.jar;C:\Users\mootez\.m2\repository\org\swinglabs\swing-layout\1.0.3\swing-layout-1.0.3.jar;C:\Users\mootez\.m2\repository\com\nativelibs4java\bridj\0.6.2\bridj-0.6.2.jar;C:\Users\mootez\.m2\repository\com\sikulix\sikulixlibswin\1.1.0\sikulixlibswin-1.1.0.jar;C:\Users\mootez\.m2\repository\com\aventstack\extentreports\3.1.3\extentreports-3.1.3.jar;C:\Users\mootez\.m2\repository\org\freemarker\freemarker\2.3.23\freemarker-2.3.23.jar;C:\Users\mootez\.m2\repository\org\mongodb\mongodb-driver\3.3.0\mongodb-driver-3.3.0.jar;C:\Users\mootez\.m2\repository\org\mongodb\bson\3.3.0\bson-3.3.0.jar;C:\Users\mootez\.m2\repository\org\mongodb\mongodb-driver-core\3.3.0\mongodb-driver-core-3.3.0.jar;C:\Users\mootez\.m2\repository\org\apache\httpcomponents\httpmime\4.5.2\httpmime-4.5.2.jar;C:\Users\mootez\.m2\repository\org\jsoup\jsoup\1.9.2\jsoup-1.9.2.jar;C:\Users\mootez\.m2\repository\com\vimalselvam\cucumber-extentsreport\3.0.2\cucumber-extentsreport-3.0.2.jar;C:\Users\mootez\.m2\repository\info\cukes\cucumber-testng\1.2.5\cucumber-testng-1.2.5.jar;C:\Users\mootez\.m2\repository\org\testng\testng\6.14.2\testng-6.14.2.jar;C:\Users\mootez\.m2\repository\com\beust\jcommander\1.72\jcommander-1.72.jar;C:\Users\mootez\.m2\repository\org\apache-extras\beanshell\bsh\2.0b6\bsh-2.0b6.jar;C:\Users\mootez\.m2\repository\org\seleniumhq\selenium\selenium-firefox-driver\3.8.0\selenium-firefox-driver-3.8.0.jar;C:\Users\mootez\.m2\repository\org\seleniumhq\selenium\selenium-ie-driver\3.8.0\selenium-ie-driver-3.8.0.jar;C:\Users\mootez\.m2\repository\org\seleniumhq\selenium\selenium-remote-driver\3.8.0\selenium-remote-driver-3.8.0.jar;C:\Users\mootez\.m2\repository\org\seleniumhq\selenium\selenium-server\3.8.0\selenium-server-3.8.0.jar;C:\Users\mootez\.m2\repository\org\apache\commons\commons-text\1.1\commons-text-1.1.jar;C:\Users\mootez\.m2\repository\commons-io\commons-io\2.6\commons-io-2.6.jar;C:\Users\mootez\.m2\repository\commons-net\commons-net\3.6\commons-net-3.6.jar;C:\Users\mootez\.m2\repository\org\w3c\css\sac\1.3\sac-1.3.jar;C:\Users\mootez\.m2\repository\net\sourceforge\cssparser\cssparser\0.9.24\cssparser-0.9.24.jar;C:\Users\mootez\.m2\repository\net\sourceforge\htmlunit\htmlunit\2.28\htmlunit-2.28.jar;C:\Users\mootez\.m2\repository\net\sourceforge\htmlunit\htmlunit-core-js\2.28\htmlunit-core-js-2.28.jar;C:\Users\mootez\.m2\repository\net\sourceforge\htmlunit\neko-htmlunit\2.28\neko-htmlunit-2.28.jar;C:\Users\mootez\.m2\repository\net\jcip\jcip-annotations\1.0\jcip-annotations-1.0.jar;C:\Users\mootez\.m2\repository\org\seleniumhq\selenium\jetty-repacked\9.4.7.v20170914\jetty-repacked-9.4.7.v20170914.jar;C:\Users\mootez\.m2\repository\org\eclipse\jetty\jetty-client\9.4.7.v20170914\jetty-client-9.4.7.v20170914.jar;C:\Users\mootez\.m2\repository\org\eclipse\jetty\jetty-http\9.4.7.v20170914\jetty-http-9.4.7.v20170914.jar;C:\Users\mootez\.m2\repository\org\eclipse\jetty\jetty-io\9.4.7.v20170914\jetty-io-9.4.7.v20170914.jar;C:\Users\mootez\.m2\repository\org\eclipse\jetty\jetty-util\9.4.7.v20170914\jetty-util-9.4.7.v20170914.jar;C:\Users\mootez\.m2\repository\org\eclipse\jetty\jetty-xml\9.4.7.v20170914\jetty-xml-9.4.7.v20170914.jar;C:\Users\mootez\.m2\repository\org\seleniumhq\selenium\htmlunit-driver\2.28\htmlunit-driver-2.28.jar;C:\Users\mootez\.m2\repository\javax\servlet\javax.servlet-api\3.1.0\javax.servlet-api-3.1.0.jar;C:\Users\mootez\.m2\repository\org\eclipse\jetty\websocket\websocket-api\9.4.7.v20170914\websocket-api-9.4.7.v20170914.jar;C:\Users\mootez\.m2\repository\org\eclipse\jetty\websocket\websocket-client\9.4.7.v20170914\websocket-client-9.4.7.v20170914.jar;C:\Users\mootez\.m2\repository\org\eclipse\jetty\websocket\websocket-common\9.4.7.v20170914\websocket-common-9.4.7.v20170914.jar;C:\Users\mootez\.m2\repository\xalan\serializer\2.7.2\serializer-2.7.2.jar;C:\Users\mootez\.m2\repository\xalan\xalan\2.7.2\xalan-2.7.2.jar;C:\Users\mootez\.m2\repository\xerces\xercesImpl\2.11.0\xercesImpl-2.11.0.jar;C:\Users\mootez\.m2\repository\xml-apis\xml-apis\1.4.01\xml-apis-1.4.01.jar;C:\Users\mootez\.m2\repository\org\yaml\snakeyaml\1.15\snakeyaml-1.15.jar;C:\Users\mootez\.m2\repository\org\apache\maven\surefire\surefire-testng-utils\2.21.0\surefire-testng-utils-2.21.0.jar;C:\Users\mootez\.m2\repository\org\apache\maven\surefire\surefire-grouper\2.21.0\surefire-grouper-2.21.0.jar;"/>
    <property name="java.vm.vendor" value="Oracle Corporation"/>
    <property name="sun.arch.data.model" value="64"/>
    <property name="user.variant" value=""/>
    <property name="java.vendor.url" value="https://java.oracle.com/"/>
    <property name="os.name" value="Windows 10"/>
    <property name="java.vm.specification.version" value="13"/>
    <property name="sun.java.launcher" value="SUN_STANDARD"/>
    <property name="user.country" value="FR"/>
    <property name="sun.boot.library.path" value="C:\Program Files\Java\jdk-13\bin"/>
    <property name="sun.java.command" value="C:\Users\mootez\AppData\Local\Temp\surefire15355303153412618698\surefirebooter14037733025236181607.jar C:\Users\mootez\AppData\Local\Temp\surefire15355303153412618698 2020-07-09T20-34-58_798-jvmRun1 surefire9863744212924784359tmp surefire_012382080755564067672tmp"/>
    <property name="jdk.debug" value="release"/>
    <property name="surefire.test.class.path" value="C:\Users\mootez\eclipse-workspace\testauto-web-mobile\web\target\test-classes;C:\Users\mootez\eclipse-workspace\testauto-web-mobile\web\target\classes;C:\Users\mootez\.m2\repository\junit\junit\4.12\junit-4.12.jar;C:\Users\mootez\.m2\repository\org\hamcrest\hamcrest-core\1.3\hamcrest-core-1.3.jar;C:\Users\mootez\.m2\repository\info\cukes\cucumber-junit\1.2.4\cucumber-junit-1.2.4.jar;C:\Users\mootez\.m2\repository\info\cukes\cucumber-core\1.2.4\cucumber-core-1.2.4.jar;C:\Users\mootez\.m2\repository\info\cukes\cucumber-html\0.2.3\cucumber-html-0.2.3.jar;C:\Users\mootez\.m2\repository\info\cukes\cucumber-jvm-deps\1.0.5\cucumber-jvm-deps-1.0.5.jar;C:\Users\mootez\.m2\repository\info\cukes\gherkin\2.12.2\gherkin-2.12.2.jar;C:\Users\mootez\.m2\repository\info\cukes\cucumber-java\1.2.4\cucumber-java-1.2.4.jar;C:\Users\mootez\.m2\repository\log4j\log4j\1.2.17\log4j-1.2.17.jar;C:\Users\mootez\.m2\repository\org\assertj\assertj-core\3.2.0\assertj-core-3.2.0.jar;C:\Users\mootez\.m2\repository\net\sourceforge\jexcelapi\jxl\2.6.12\jxl-2.6.12.jar;C:\Users\mootez\.m2\repository\commons-codec\commons-codec\1.10\commons-codec-1.10.jar;C:\Users\mootez\.m2\repository\net\code-story\simplelenium\2.2\simplelenium-2.2.jar;C:\Users\mootez\.m2\repository\org\seleniumhq\selenium\selenium-support\3.0.1\selenium-support-3.0.1.jar;C:\Users\mootez\.m2\repository\org\seleniumhq\selenium\selenium-chrome-driver\3.0.1\selenium-chrome-driver-3.0.1.jar;C:\Users\mootez\.m2\repository\org\apache\commons\commons-compress\1.12\commons-compress-1.12.jar;C:\Users\mootez\.m2\repository\org\slf4j\slf4j-log4j12\1.7.18\slf4j-log4j12-1.7.18.jar;C:\Users\mootez\.m2\repository\org\slf4j\slf4j-api\1.7.18\slf4j-api-1.7.18.jar;C:\Users\mootez\.m2\repository\com\codeborne\selenide\5.2.8\selenide-5.2.8.jar;C:\Users\mootez\.m2\repository\io\github\bonigarcia\webdrivermanager\3.6.1\webdrivermanager-3.6.1.jar;C:\Users\mootez\.m2\repository\org\rauschig\jarchivelib\1.0.0\jarchivelib-1.0.0.jar;C:\Users\mootez\.m2\repository\net\lightbody\bmp\browsermob-core\2.1.5\browsermob-core-2.1.5.jar;C:\Users\mootez\.m2\repository\net\lightbody\bmp\littleproxy\1.1.0-beta-bmp-17\littleproxy-1.1.0-beta-bmp-17.jar;C:\Users\mootez\.m2\repository\com\fasterxml\jackson\core\jackson-core\2.8.9\jackson-core-2.8.9.jar;C:\Users\mootez\.m2\repository\com\fasterxml\jackson\core\jackson-databind\2.8.9\jackson-databind-2.8.9.jar;C:\Users\mootez\.m2\repository\com\fasterxml\jackson\core\jackson-annotations\2.8.9\jackson-annotations-2.8.9.jar;C:\Users\mootez\.m2\repository\dnsjava\dnsjava\2.1.8\dnsjava-2.1.8.jar;C:\Users\mootez\.m2\repository\org\slf4j\jcl-over-slf4j\1.7.25\jcl-over-slf4j-1.7.25.jar;C:\Users\mootez\.m2\repository\com\jcraft\jzlib\1.1.3\jzlib-1.1.3.jar;C:\Users\mootez\.m2\repository\io\netty\netty-all\4.0.51.Final\netty-all-4.0.51.Final.jar;C:\Users\mootez\.m2\repository\org\bouncycastle\bcprov-jdk15on\1.58\bcprov-jdk15on-1.58.jar;C:\Users\mootez\.m2\repository\org\bouncycastle\bcpkix-jdk15on\1.58\bcpkix-jdk15on-1.58.jar;C:\Users\mootez\.m2\repository\net\lightbody\bmp\mitm\2.1.5\mitm-2.1.5.jar;C:\Users\mootez\.m2\repository\org\seleniumhq\selenium\selenium-java\3.8.0\selenium-java-3.8.0.jar;C:\Users\mootez\.m2\repository\org\seleniumhq\selenium\selenium-api\3.8.0\selenium-api-3.8.0.jar;C:\Users\mootez\.m2\repository\org\seleniumhq\selenium\selenium-edge-driver\3.8.0\selenium-edge-driver-3.8.0.jar;C:\Users\mootez\.m2\repository\org\seleniumhq\selenium\selenium-opera-driver\3.8.0\selenium-opera-driver-3.8.0.jar;C:\Users\mootez\.m2\repository\org\seleniumhq\selenium\selenium-safari-driver\3.8.0\selenium-safari-driver-3.8.0.jar;C:\Users\mootez\.m2\repository\net\bytebuddy\byte-buddy\1.7.5\byte-buddy-1.7.5.jar;C:\Users\mootez\.m2\repository\org\apache\commons\commons-exec\1.3\commons-exec-1.3.jar;C:\Users\mootez\.m2\repository\commons-logging\commons-logging\1.2\commons-logging-1.2.jar;C:\Users\mootez\.m2\repository\com\google\code\gson\gson\2.8.2\gson-2.8.2.jar;C:\Users\mootez\.m2\repository\com\google\guava\guava\23.0\guava-23.0.jar;C:\Users\mootez\.m2\repository\com\google\code\findbugs\jsr305\1.3.9\jsr305-1.3.9.jar;C:\Users\mootez\.m2\repository\com\google\errorprone\error_prone_annotations\2.0.18\error_prone_annotations-2.0.18.jar;C:\Users\mootez\.m2\repository\com\google\j2objc\j2objc-annotations\1.1\j2objc-annotations-1.1.jar;C:\Users\mootez\.m2\repository\org\codehaus\mojo\animal-sniffer-annotations\1.14\animal-sniffer-annotations-1.14.jar;C:\Users\mootez\.m2\repository\org\apache\httpcomponents\httpclient\4.5.3\httpclient-4.5.3.jar;C:\Users\mootez\.m2\repository\org\apache\httpcomponents\httpcore\4.4.6\httpcore-4.4.6.jar;C:\Users\mootez\.m2\repository\javax\mail\mail\1.4.7\mail-1.4.7.jar;C:\Users\mootez\.m2\repository\javax\activation\activation\1.1\activation-1.1.jar;C:\Users\mootez\.m2\repository\org\apache\poi\poi\3.7\poi-3.7.jar;C:\Users\mootez\.m2\repository\org\apache\commons\commons-lang3\3.9\commons-lang3-3.9.jar;C:\Users\mootez\.m2\repository\org\apache\poi\poi-ooxml\3.7\poi-ooxml-3.7.jar;C:\Users\mootez\.m2\repository\org\apache\poi\poi-ooxml-schemas\3.7\poi-ooxml-schemas-3.7.jar;C:\Users\mootez\.m2\repository\org\apache\xmlbeans\xmlbeans\2.3.0\xmlbeans-2.3.0.jar;C:\Users\mootez\.m2\repository\stax\stax-api\1.0.1\stax-api-1.0.1.jar;C:\Users\mootez\.m2\repository\org\apache\geronimo\specs\geronimo-stax-api_1.0_spec\1.0\geronimo-stax-api_1.0_spec-1.0.jar;C:\Users\mootez\.m2\repository\dom4j\dom4j\1.6.1\dom4j-1.6.1.jar;C:\Users\mootez\.m2\repository\org\apache\poi\poi-scratchpad\3.17\poi-scratchpad-3.17.jar;C:\Users\mootez\.m2\repository\com\sikulix\sikulixapi\1.1.0\sikulixapi-1.1.0.jar;C:\Users\mootez\.m2\repository\commons-cli\commons-cli\1.2\commons-cli-1.2.jar;C:\Users\mootez\.m2\repository\com\melloware\jintellitype\1.3.7\jintellitype-1.3.7.jar;C:\Users\mootez\.m2\repository\jxgrabkey\jxgrabkey\1.0\jxgrabkey-1.0.jar;C:\Users\mootez\.m2\repository\org\swinglabs\swing-layout\1.0.3\swing-layout-1.0.3.jar;C:\Users\mootez\.m2\repository\com\nativelibs4java\bridj\0.6.2\bridj-0.6.2.jar;C:\Users\mootez\.m2\repository\com\sikulix\sikulixlibswin\1.1.0\sikulixlibswin-1.1.0.jar;C:\Users\mootez\.m2\repository\com\aventstack\extentreports\3.1.3\extentreports-3.1.3.jar;C:\Users\mootez\.m2\repository\org\freemarker\freemarker\2.3.23\freemarker-2.3.23.jar;C:\Users\mootez\.m2\repository\org\mongodb\mongodb-driver\3.3.0\mongodb-driver-3.3.0.jar;C:\Users\mootez\.m2\repository\org\mongodb\bson\3.3.0\bson-3.3.0.jar;C:\Users\mootez\.m2\repository\org\mongodb\mongodb-driver-core\3.3.0\mongodb-driver-core-3.3.0.jar;C:\Users\mootez\.m2\repository\org\apache\httpcomponents\httpmime\4.5.2\httpmime-4.5.2.jar;C:\Users\mootez\.m2\repository\org\jsoup\jsoup\1.9.2\jsoup-1.9.2.jar;C:\Users\mootez\.m2\repository\com\vimalselvam\cucumber-extentsreport\3.0.2\cucumber-extentsreport-3.0.2.jar;C:\Users\mootez\.m2\repository\info\cukes\cucumber-testng\1.2.5\cucumber-testng-1.2.5.jar;C:\Users\mootez\.m2\repository\org\testng\testng\6.14.2\testng-6.14.2.jar;C:\Users\mootez\.m2\repository\com\beust\jcommander\1.72\jcommander-1.72.jar;C:\Users\mootez\.m2\repository\org\apache-extras\beanshell\bsh\2.0b6\bsh-2.0b6.jar;C:\Users\mootez\.m2\repository\org\seleniumhq\selenium\selenium-firefox-driver\3.8.0\selenium-firefox-driver-3.8.0.jar;C:\Users\mootez\.m2\repository\org\seleniumhq\selenium\selenium-ie-driver\3.8.0\selenium-ie-driver-3.8.0.jar;C:\Users\mootez\.m2\repository\org\seleniumhq\selenium\selenium-remote-driver\3.8.0\selenium-remote-driver-3.8.0.jar;C:\Users\mootez\.m2\repository\org\seleniumhq\selenium\selenium-server\3.8.0\selenium-server-3.8.0.jar;C:\Users\mootez\.m2\repository\org\apache\commons\commons-text\1.1\commons-text-1.1.jar;C:\Users\mootez\.m2\repository\commons-io\commons-io\2.6\commons-io-2.6.jar;C:\Users\mootez\.m2\repository\commons-net\commons-net\3.6\commons-net-3.6.jar;C:\Users\mootez\.m2\repository\org\w3c\css\sac\1.3\sac-1.3.jar;C:\Users\mootez\.m2\repository\net\sourceforge\cssparser\cssparser\0.9.24\cssparser-0.9.24.jar;C:\Users\mootez\.m2\repository\net\sourceforge\htmlunit\htmlunit\2.28\htmlunit-2.28.jar;C:\Users\mootez\.m2\repository\net\sourceforge\htmlunit\htmlunit-core-js\2.28\htmlunit-core-js-2.28.jar;C:\Users\mootez\.m2\repository\net\sourceforge\htmlunit\neko-htmlunit\2.28\neko-htmlunit-2.28.jar;C:\Users\mootez\.m2\repository\net\jcip\jcip-annotations\1.0\jcip-annotations-1.0.jar;C:\Users\mootez\.m2\repository\org\seleniumhq\selenium\jetty-repacked\9.4.7.v20170914\jetty-repacked-9.4.7.v20170914.jar;C:\Users\mootez\.m2\repository\org\eclipse\jetty\jetty-client\9.4.7.v20170914\jetty-client-9.4.7.v20170914.jar;C:\Users\mootez\.m2\repository\org\eclipse\jetty\jetty-http\9.4.7.v20170914\jetty-http-9.4.7.v20170914.jar;C:\Users\mootez\.m2\repository\org\eclipse\jetty\jetty-io\9.4.7.v20170914\jetty-io-9.4.7.v20170914.jar;C:\Users\mootez\.m2\repository\org\eclipse\jetty\jetty-util\9.4.7.v20170914\jetty-util-9.4.7.v20170914.jar;C:\Users\mootez\.m2\repository\org\eclipse\jetty\jetty-xml\9.4.7.v20170914\jetty-xml-9.4.7.v20170914.jar;C:\Users\mootez\.m2\repository\org\seleniumhq\selenium\htmlunit-driver\2.28\htmlunit-driver-2.28.jar;C:\Users\mootez\.m2\repository\javax\servlet\javax.servlet-api\3.1.0\javax.servlet-api-3.1.0.jar;C:\Users\mootez\.m2\repository\org\eclipse\jetty\websocket\websocket-api\9.4.7.v20170914\websocket-api-9.4.7.v20170914.jar;C:\Users\mootez\.m2\repository\org\eclipse\jetty\websocket\websocket-client\9.4.7.v20170914\websocket-client-9.4.7.v20170914.jar;C:\Users\mootez\.m2\repository\org\eclipse\jetty\websocket\websocket-common\9.4.7.v20170914\websocket-common-9.4.7.v20170914.jar;C:\Users\mootez\.m2\repository\xalan\serializer\2.7.2\serializer-2.7.2.jar;C:\Users\mootez\.m2\repository\xalan\xalan\2.7.2\xalan-2.7.2.jar;C:\Users\mootez\.m2\repository\xerces\xercesImpl\2.11.0\xercesImpl-2.11.0.jar;C:\Users\mootez\.m2\repository\xml-apis\xml-apis\1.4.01\xml-apis-1.4.01.jar;C:\Users\mootez\.m2\repository\org\yaml\snakeyaml\1.15\snakeyaml-1.15.jar;C:\Users\mootez\.m2\repository\org\apache\maven\surefire\surefire-testng-utils\2.21.0\surefire-testng-utils-2.21.0.jar;C:\Users\mootez\.m2\repository\org\apache\maven\surefire\surefire-grouper\2.21.0\surefire-grouper-2.21.0.jar;"/>
    <property name="sun.cpu.endian" value="little"/>
    <property name="user.home" value="C:\Users\mootez"/>
    <property name="user.language" value="fr"/>
    <property name="java.specification.vendor" value="Oracle Corporation"/>
    <property name="java.version.date" value="2019-09-17"/>
    <property name="java.home" value="C:\Program Files\Java\jdk-13"/>
    <property name="file.separator" value="\"/>
    <property name="basedir" value="C:\Users\mootez\eclipse-workspace\testauto-web-mobile\web"/>
    <property name="java.vm.compressedOopsMode" value="32-bit"/>
    <property name="line.separator" value="&#10;"/>
    <property name="java.specification.name" value="Java Platform API Specification"/>
    <property name="java.vm.specification.vendor" value="Oracle Corporation"/>
    <property name="surefire.real.class.path" value="C:\Users\mootez\AppData\Local\Temp\surefire15355303153412618698\surefirebooter14037733025236181607.jar"/>
    <property name="user.script" value=""/>
    <property name="sun.management.compiler" value="HotSpot 64-Bit Tiered Compilers"/>
    <property name="java.runtime.version" value="13+33"/>
    <property name="user.name" value="mootez"/>
    <property name="path.separator" value=";"/>
    <property name="os.version" value="10.0"/>
    <property name="java.runtime.name" value="Java(TM) SE Runtime Environment"/>
    <property name="file.encoding" value="Cp1252"/>
    <property name="java.vm.name" value="Java HotSpot(TM) 64-Bit Server VM"/>
    <property name="localRepository" value="C:\Users\mootez\.m2\repository"/>
    <property name="java.vendor.url.bug" value="https://bugreport.java.com/bugreport/"/>
    <property name="java.io.tmpdir" value="C:\Users\mootez\AppData\Local\Temp\"/>
    <property name="java.version" value="13"/>
    <property name="user.dir" value="C:\Users\mootez\eclipse-workspace\testauto-web-mobile\web"/>
    <property name="os.arch" value="amd64"/>
    <property name="java.vm.specification.name" value="Java Virtual Machine Specification"/>
    <property name="sun.os.patch.level" value=""/>
    <property name="java.library.path" value="C:\Program Files\Java\jdk-13\bin;C:\WINDOWS\Sun\Java\bin;C:\WINDOWS\system32;C:\WINDOWS;C:\Users\mootez\bin;C:\Program Files\Git\mingw64\bin;C:\Program Files\Git\usr\local\bin;C:\Program Files\Git\usr\bin;C:\Program Files\Git\usr\bin;C:\Program Files\Git\mingw64\bin;C:\Program Files\Git\usr\bin;C:\Users\mootez\bin;C:\Program Files\Java\jdk-13\bin\server;C:\Program Files\Java\jdk-13\bin;C:\WINDOWS\system32;C:\WINDOWS;C:\WINDOWS\System32\Wbem;C:\WINDOWS\System32\WindowsPowerShell\v1.0;C:\apache-maven-3.6.3\bin;C:\Program Files\Java\jdk-13\bin;C:\Users\mootez\AppData\Local\Android\Sdk\platform-tools\adb.exe;C:\Users\mootez\AppData\Local\Android\Sdk\tools;C:\Users\mootez\AppData\Local\Android\Sdk\platform;C:\Program Files\Git\cmd;C:\Program Files\nodejs;C:\WINDOWS\System32\OpenSSH;C:\Users\mootez\AppData\Local\Android\Sdk\platform-tools\adb.exe;C:\Users\mootez\AppData\Local\Android\Sdk\platform-tools;C:\Users\mootez\AppData\Local\Android\Sdk\tools;C:\Users\mootez\AppData\Local\Android\Sdk\platform;C:\Users\mootez\AppData\Local\Android\Sdk\platform-tools;C:\Users\mootez\eclipse-workspace\testauto-web-mobile\main\src\main\resources\DriversExecutables\chromedriver.exe;C:\Users\mootez\AppData\Roaming\npm;%USERPROFILE%\AppData\Local\Microsoft\WindowsApps;C:\WINDOWS\system32;C:\Program Files\Git\usr\bin\vendor_perl;C:\Program Files\Git\usr\bin\core_perl;."/>
    <property name="java.vm.info" value="mixed mode, sharing"/>
    <property name="java.vendor" value="Oracle Corporation"/>
    <property name="java.vm.version" value="13+33"/>
    <property name="sun.io.unicode.encoding" value="UnicodeLittle"/>
    <property name="java.class.version" value="57.0"/>
  </properties>
  <testcase name="feature" classname="com.qualiprobdd.e2etests.ActionRunner" time="119.593">
    <failure message="java.io.FileNotFoundException: src\main\resources\testData\TestData.xlsx (Le chemin d’accès spécifié est introuvable)" type="cucumber.runtime.CucumberException">cucumber.runtime.CucumberException: java.io.FileNotFoundException: src\main\resources\testData\TestData.xlsx (Le chemin d’accès spécifié est introuvable)
Caused by: java.io.FileNotFoundException: src\main\resources\testData\TestData.xlsx (Le chemin d’accès spécifié est introuvable)
</failure>
    <system-out><![CDATA[Feature: Qualipro- Test fiche Action
  En tant que utilisateur je souhaite remplir une fiche Action

  @RealisationetSuiviAction
  Scenario Outline: Qualipro- En tant que responsable, je souhaite traiter et suivre l action avec des taux différents # src/specs/features/moduleAction/Action.feature:51
    Given Ouvrir le site QualiProWeb
    And saisir Login et PW
    And cliquer sur ouvrir une session
    And saisir <exemple> action
    When Consulter action a traiter
    And Réaliser action avec <A taux realisation>
    Then Vérifier etat action realisé
    And Consulter action a suivre
    Then vérifier taux réalisation
    When suivre action avec <N taux realisation> et <taux suivi>
    Then Vérifier etat action suivi
    And Clôturée Action

    Examples: 
Get driver Started
 INFO [TestNG-tests-1] (AuthentificationStepDefinition.java:34) - Begin : Ouvrir l'application QualiProWeb 
 INFO [TestNG-tests-1] (AuthentificationStepDefinition.java:44) - saisi login et mot de passe
 INFO [TestNG-tests-1] (AuthentificationStepDefinition.java:66) - click sur ouvrir une session
Get driver Started

  @RealisationetSuiviAction
  Scenario Outline: Qualipro- En tant que responsable, je souhaite traiter et suivre l action avec des taux différents # src/specs/features/moduleAction/Action.feature:67
    Given Ouvrir le site QualiProWeb                                                                                   # AuthentificationStepDefinition.ouvrirQualiProWeb()
    And saisir Login et PW                                                                                             # AuthentificationStepDefinition.saisirLoginPW()
    And cliquer sur ouvrir une session                                                                                 # AuthentificationStepDefinition.clickOuvrirSession()
    And saisir 1 action                                                                                                # FicheActionStepDefinition.saisir_action(int)
    When Consulter action a traiter                                                                                    # FicheActionStepDefinition.consulter_action_a_traiter()
      java.io.FileNotFoundException: src\main\resources\testData\TestData.xlsx (Le chemin d’accès spécifié est introuvable)
      	at java.base/java.io.FileInputStream.open0(Native Method)
      	at java.base/java.io.FileInputStream.open(FileInputStream.java:213)
      	at java.base/java.io.FileInputStream.<init>(FileInputStream.java:155)
      	at java.base/java.io.FileInputStream.<init>(FileInputStream.java:110)
      	at com.qualiprobdd.e2etests.util.ExcelUtils.setExcelFile(ExcelUtils.java:35)
      	at com.qualiprobdd.e2etests.moduleAction.stepdefs.FicheActionStepDefinition.consulter_action_a_traiter(FicheActionStepDefinition.java:397)
      	at ?.When Consulter action a traiter(src/specs/features/moduleAction/Action.feature:56)

    And Réaliser action avec 50                                                                                        # FicheActionStepDefinition.réaliser_action_avec(int)
    Then Vérifier etat action realisé                                                                                  # FicheActionStepDefinition.vérifier_etat_action_realisé()
    And Consulter action a suivre                                                                                      # FicheActionStepDefinition.consulter_action_a_suivre()
    Then vérifier taux réalisation                                                                                     # FicheActionStepDefinition.vérifier_taux_réalisation()
    When suivre action avec 30 et 70                                                                                   # FicheActionStepDefinition.suivre_action_avec_et(int,int)
    Then Vérifier etat action suivi                                                                                    # FicheActionStepDefinition.vérifier_etat_action_suivi()
    And Clôturée Action                                                                                                # FicheActionStepDefinition.Clôturée_Action()
 INFO [TestNG-tests-1] (AuthentificationStepDefinition.java:34) - Begin : Ouvrir l'application QualiProWeb 
Failure in after hook:Setup.afterScenario(Scenario)
Message: org.openqa.selenium.WebDriverException: chrome not reachable
  (Session info: chrome=83.0.4103.116)
Build info: version: '3.8.0', revision: '924c4067df', time: '2017-11-30T11:20:39.408Z'
System info: host: 'taz', ip: '192.168.43.160', os.name: 'Windows 10', os.arch: 'amd64', os.version: '10.0', java.version: '13'
Driver info: org.openqa.selenium.chrome.ChromeDriver
Capabilities {acceptInsecureCerts: false, browserName: chrome, browserVersion: 83.0.4103.116, chrome: {chromedriverVersion: 83.0.4103.39 (ccbf011cb2d2b..., userDataDir: C:\Users\mootez\AppData\Loc...}, goog:chromeOptions: {debuggerAddress: localhost:49493}, javascriptEnabled: true, networkConnectionEnabled: false, pageLoadStrategy: normal, platform: WINDOWS, platformName: WINDOWS, proxy: Proxy(), setWindowRect: true, strictFileInteractability: false, timeouts: {implicit: 0, pageLoad: 300000, script: 30000}, unhandledPromptBehavior: dismiss and notify, webauthn:virtualAuthenticators: true}
Session ID: a142d56106ca6cee460bec70f1ab26b0
	at java.base/jdk.internal.reflect.NativeConstructorAccessorImpl.newInstance0(Native Method)
	at java.base/jdk.internal.reflect.NativeConstructorAccessorImpl.newInstance(NativeConstructorAccessorImpl.java:62)
	at java.base/jdk.internal.reflect.DelegatingConstructorAccessorImpl.newInstance(DelegatingConstructorAccessorImpl.java:45)
	at java.base/java.lang.reflect.Constructor.newInstanceWithCaller(Constructor.java:500)
	at java.base/java.lang.reflect.Constructor.newInstance(Constructor.java:481)
	at org.openqa.selenium.remote.http.W3CHttpResponseCodec.createException(W3CHttpResponseCodec.java:187)
	at org.openqa.selenium.remote.http.W3CHttpResponseCodec.decode(W3CHttpResponseCodec.java:122)
	at org.openqa.selenium.remote.http.W3CHttpResponseCodec.decode(W3CHttpResponseCodec.java:49)
	at org.openqa.selenium.remote.HttpCommandExecutor.execute(HttpCommandExecutor.java:164)
	at org.openqa.selenium.remote.service.DriverCommandExecutor.execute(DriverCommandExecutor.java:83)
	at org.openqa.selenium.remote.RemoteWebDriver.execute(RemoteWebDriver.java:601)
	at org.openqa.selenium.remote.RemoteWebDriver.execute(RemoteWebDriver.java:658)
	at org.openqa.selenium.remote.RemoteWebDriver.getScreenshotAs(RemoteWebDriver.java:343)
	at com.qualiprobdd.e2etests.util.Setup.afterScenario(Setup.java:49)
	at java.base/jdk.internal.reflect.NativeMethodAccessorImpl.invoke0(Native Method)
	at java.base/jdk.internal.reflect.NativeMethodAccessorImpl.invoke(NativeMethodAccessorImpl.java:62)
	at java.base/jdk.internal.reflect.DelegatingMethodAccessorImpl.invoke(DelegatingMethodAccessorImpl.java:43)
	at java.base/java.lang.reflect.Method.invoke(Method.java:567)
	at cucumber.runtime.Utils$1.call(Utils.java:37)
	at cucumber.runtime.Timeout.timeout(Timeout.java:13)
	at cucumber.runtime.Utils.invoke(Utils.java:31)
	at cucumber.runtime.java.JavaHookDefinition.execute(JavaHookDefinition.java:60)
	at cucumber.runtime.Runtime.runHookIfTagsMatch(Runtime.java:223)
	at cucumber.runtime.Runtime.runHooks(Runtime.java:211)
	at cucumber.runtime.Runtime.runAfterHooks(Runtime.java:205)
	at cucumber.runtime.model.CucumberScenario.run(CucumberScenario.java:46)
	at cucumber.runtime.model.CucumberScenarioOutline.run(CucumberScenarioOutline.java:46)
	at cucumber.runtime.model.CucumberFeature.run(CucumberFeature.java:165)
	at cucumber.api.testng.TestNGCucumberRunner.runCucumber(TestNGCucumberRunner.java:63)
	at cucumber.api.testng.AbstractTestNGCucumberTests.feature(AbstractTestNGCucumberTests.java:21)
	at java.base/jdk.internal.reflect.NativeMethodAccessorImpl.invoke0(Native Method)
	at java.base/jdk.internal.reflect.NativeMethodAccessorImpl.invoke(NativeMethodAccessorImpl.java:62)
	at java.base/jdk.internal.reflect.DelegatingMethodAccessorImpl.invoke(DelegatingMethodAccessorImpl.java:43)
	at java.base/java.lang.reflect.Method.invoke(Method.java:567)
	at org.testng.internal.MethodInvocationHelper.invokeMethod(MethodInvocationHelper.java:124)
	at org.testng.internal.Invoker.invokeMethod(Invoker.java:580)
	at org.testng.internal.Invoker.invokeTestMethod(Invoker.java:716)
	at org.testng.internal.Invoker.invokeTestMethods(Invoker.java:988)
	at org.testng.internal.TestMethodWorker.invokeTestMethods(TestMethodWorker.java:125)
	at org.testng.internal.TestMethodWorker.run(TestMethodWorker.java:109)
	at org.testng.TestRunner.privateRun(TestRunner.java:648)
	at org.testng.TestRunner.run(TestRunner.java:505)
	at org.testng.SuiteRunner.runTest(SuiteRunner.java:455)
	at org.testng.SuiteRunner.access$000(SuiteRunner.java:40)
	at org.testng.SuiteRunner$SuiteWorker.run(SuiteRunner.java:489)
	at org.testng.internal.thread.ThreadUtil$1.call(ThreadUtil.java:52)
	at java.base/java.util.concurrent.FutureTask.run(FutureTask.java:264)
	at java.base/java.util.concurrent.ThreadPoolExecutor.runWorker(ThreadPoolExecutor.java:1128)
	at java.base/java.util.concurrent.ThreadPoolExecutor$Worker.run(ThreadPoolExecutor.java:628)
	at java.base/java.lang.Thread.run(Thread.java:830)

      org.openqa.selenium.WebDriverException: chrome not reachable
        (Session info: chrome=83.0.4103.116)
      Build info: version: '3.8.0', revision: '924c4067df', time: '2017-11-30T11:20:39.408Z'
      System info: host: 'taz', ip: '192.168.43.160', os.name: 'Windows 10', os.arch: 'amd64', os.version: '10.0', java.version: '13'
      Driver info: org.openqa.selenium.chrome.ChromeDriver
      Capabilities {acceptInsecureCerts: false, browserName: chrome, browserVersion: 83.0.4103.116, chrome: {chromedriverVersion: 83.0.4103.39 (ccbf011cb2d2b..., userDataDir: C:\Users\mootez\AppData\Loc...}, goog:chromeOptions: {debuggerAddress: localhost:49493}, javascriptEnabled: true, networkConnectionEnabled: false, pageLoadStrategy: normal, platform: WINDOWS, platformName: WINDOWS, proxy: Proxy(), setWindowRect: true, strictFileInteractability: false, timeouts: {implicit: 0, pageLoad: 300000, script: 30000}, unhandledPromptBehavior: dismiss and notify, webauthn:virtualAuthenticators: true}
      Session ID: a142d56106ca6cee460bec70f1ab26b0
      	at java.base/jdk.internal.reflect.NativeConstructorAccessorImpl.newInstance0(Native Method)
      	at java.base/jdk.internal.reflect.NativeConstructorAccessorImpl.newInstance(NativeConstructorAccessorImpl.java:62)
      	at java.base/jdk.internal.reflect.DelegatingConstructorAccessorImpl.newInstance(DelegatingConstructorAccessorImpl.java:45)
      	at java.base/java.lang.reflect.Constructor.newInstanceWithCaller(Constructor.java:500)
      	at java.base/java.lang.reflect.Constructor.newInstance(Constructor.java:481)
      	at org.openqa.selenium.remote.http.W3CHttpResponseCodec.createException(W3CHttpResponseCodec.java:187)
      	at org.openqa.selenium.remote.http.W3CHttpResponseCodec.decode(W3CHttpResponseCodec.java:122)
      	at org.openqa.selenium.remote.http.W3CHttpResponseCodec.decode(W3CHttpResponseCodec.java:49)
      	at org.openqa.selenium.remote.HttpCommandExecutor.execute(HttpCommandExecutor.java:164)
      	at org.openqa.selenium.remote.service.DriverCommandExecutor.execute(DriverCommandExecutor.java:83)
      	at org.openqa.selenium.remote.RemoteWebDriver.execute(RemoteWebDriver.java:601)
      	at org.openqa.selenium.remote.RemoteWebDriver.execute(RemoteWebDriver.java:658)
      	at org.openqa.selenium.remote.RemoteWebDriver.getScreenshotAs(RemoteWebDriver.java:343)
      	at com.qualiprobdd.e2etests.util.Setup.afterScenario(Setup.java:49)
      	at java.base/jdk.internal.reflect.NativeMethodAccessorImpl.invoke0(Native Method)
      	at java.base/jdk.internal.reflect.NativeMethodAccessorImpl.invoke(NativeMethodAccessorImpl.java:62)
      	at java.base/jdk.internal.reflect.DelegatingMethodAccessorImpl.invoke(DelegatingMethodAccessorImpl.java:43)
      	at java.base/java.lang.reflect.Method.invoke(Method.java:567)
      	at cucumber.runtime.Utils$1.call(Utils.java:37)
      	at cucumber.runtime.Timeout.timeout(Timeout.java:13)
      	at cucumber.runtime.Utils.invoke(Utils.java:31)
      	at cucumber.runtime.java.JavaHookDefinition.execute(JavaHookDefinition.java:60)
      	at cucumber.runtime.Runtime.runHookIfTagsMatch(Runtime.java:223)
      	at cucumber.runtime.Runtime.runHooks(Runtime.java:211)
      	at cucumber.runtime.Runtime.runAfterHooks(Runtime.java:205)
      	at cucumber.runtime.model.CucumberScenario.run(CucumberScenario.java:46)
      	at cucumber.runtime.model.CucumberScenarioOutline.run(CucumberScenarioOutline.java:46)
      	at cucumber.runtime.model.CucumberFeature.run(CucumberFeature.java:165)
      	at cucumber.api.testng.TestNGCucumberRunner.runCucumber(TestNGCucumberRunner.java:63)
      	at cucumber.api.testng.AbstractTestNGCucumberTests.feature(AbstractTestNGCucumberTests.java:21)
      	at java.base/jdk.internal.reflect.NativeMethodAccessorImpl.invoke0(Native Method)
      	at java.base/jdk.internal.reflect.NativeMethodAccessorImpl.invoke(NativeMethodAccessorImpl.java:62)
      	at java.base/jdk.internal.reflect.DelegatingMethodAccessorImpl.invoke(DelegatingMethodAccessorImpl.java:43)
      	at java.base/java.lang.reflect.Method.invoke(Method.java:567)
      	at org.testng.internal.MethodInvocationHelper.invokeMethod(MethodInvocationHelper.java:124)
      	at org.testng.internal.Invoker.invokeMethod(Invoker.java:580)
      	at org.testng.internal.Invoker.invokeTestMethod(Invoker.java:716)
      	at org.testng.internal.Invoker.invokeTestMethods(Invoker.java:988)
      	at org.testng.internal.TestMethodWorker.invokeTestMethods(TestMethodWorker.java:125)
      	at org.testng.internal.TestMethodWorker.run(TestMethodWorker.java:109)
      	at org.testng.TestRunner.privateRun(TestRunner.java:648)
      	at org.testng.TestRunner.run(TestRunner.java:505)
      	at org.testng.SuiteRunner.runTest(SuiteRunner.java:455)
      	at org.testng.SuiteRunner.access$000(SuiteRunner.java:40)
      	at org.testng.SuiteRunner$SuiteWorker.run(SuiteRunner.java:489)
      	at org.testng.internal.thread.ThreadUtil$1.call(ThreadUtil.java:52)
      	at java.base/java.util.concurrent.FutureTask.run(FutureTask.java:264)
      	at java.base/java.util.concurrent.ThreadPoolExecutor.runWorker(ThreadPoolExecutor.java:1128)
      	at java.base/java.util.concurrent.ThreadPoolExecutor$Worker.run(ThreadPoolExecutor.java:628)
      	at java.base/java.lang.Thread.run(Thread.java:830)


  @RealisationetSuiviAction
  Scenario Outline: Qualipro- En tant que responsable, je souhaite traiter et suivre l action avec des taux différents # src/specs/features/moduleAction/Action.feature:68
    Given Ouvrir le site QualiProWeb                                                                                   # AuthentificationStepDefinition.ouvrirQualiProWeb()
      org.openqa.selenium.WebDriverException: chrome not reachable
        (Session info: chrome=83.0.4103.116)
      Build info: version: '3.8.0', revision: '924c4067df', time: '2017-11-30T11:20:39.408Z'
      System info: host: 'taz', ip: '192.168.43.160', os.name: 'Windows 10', os.arch: 'amd64', os.version: '10.0', java.version: '13'
      Driver info: org.openqa.selenium.chrome.ChromeDriver
      Capabilities {acceptInsecureCerts: false, browserName: chrome, browserVersion: 83.0.4103.116, chrome: {chromedriverVersion: 83.0.4103.39 (ccbf011cb2d2b..., userDataDir: C:\Users\mootez\AppData\Loc...}, goog:chromeOptions: {debuggerAddress: localhost:49493}, javascriptEnabled: true, networkConnectionEnabled: false, pageLoadStrategy: normal, platform: WINDOWS, platformName: WINDOWS, proxy: Proxy(), setWindowRect: true, strictFileInteractability: false, timeouts: {implicit: 0, pageLoad: 300000, script: 30000}, unhandledPromptBehavior: dismiss and notify, webauthn:virtualAuthenticators: true}
      Session ID: a142d56106ca6cee460bec70f1ab26b0
      	at java.base/jdk.internal.reflect.NativeConstructorAccessorImpl.newInstance0(Native Method)
      	at java.base/jdk.internal.reflect.NativeConstructorAccessorImpl.newInstance(NativeConstructorAccessorImpl.java:62)
      	at java.base/jdk.internal.reflect.DelegatingConstructorAccessorImpl.newInstance(DelegatingConstructorAccessorImpl.java:45)
      	at java.base/java.lang.reflect.Constructor.newInstanceWithCaller(Constructor.java:500)
      	at java.base/java.lang.reflect.Constructor.newInstance(Constructor.java:481)
      	at org.openqa.selenium.remote.http.W3CHttpResponseCodec.createException(W3CHttpResponseCodec.java:187)
      	at org.openqa.selenium.remote.http.W3CHttpResponseCodec.decode(W3CHttpResponseCodec.java:122)
      	at org.openqa.selenium.remote.http.W3CHttpResponseCodec.decode(W3CHttpResponseCodec.java:49)
      	at org.openqa.selenium.remote.HttpCommandExecutor.execute(HttpCommandExecutor.java:164)
      	at org.openqa.selenium.remote.service.DriverCommandExecutor.execute(DriverCommandExecutor.java:83)
      	at org.openqa.selenium.remote.RemoteWebDriver.execute(RemoteWebDriver.java:601)
      	at org.openqa.selenium.remote.RemoteWebDriver.get(RemoteWebDriver.java:325)
      	at com.qualiprobdd.e2etests.authentification.stepdefs.AuthentificationStepDefinition.ouvrirQualiProWeb(AuthentificationStepDefinition.java:35)
      	at ?.Given Ouvrir le site QualiProWeb(src/specs/features/moduleAction/Action.feature:52)

    And saisir Login et PW                                                                                             # AuthentificationStepDefinition.saisirLoginPW()
    And cliquer sur ouvrir une session                                                                                 # AuthentificationStepDefinition.clickOuvrirSession()
    And saisir 1 action                                                                                                # FicheActionStepDefinition.saisir_action(int)
    When Consulter action a traiter                                                                                    # FicheActionStepDefinition.consulter_action_a_traiter()
    And Réaliser action avec 100                                                                                       # FicheActionStepDefinition.réaliser_action_avec(int)
    Then Vérifier etat action realisé                                                                                  # FicheActionStepDefinition.vérifier_etat_action_realisé()
    And Consulter action a suivre                                                                                      # FicheActionStepDefinition.consulter_action_a_suivre()
    Then vérifier taux réalisation                                                                                     # FicheActionStepDefinition.vérifier_taux_réalisation()
    When suivre action avec 100 et 100                                                                                 # FicheActionStepDefinition.suivre_action_avec_et(int,int)
    Then Vérifier etat action suivi                                                                                    # FicheActionStepDefinition.vérifier_etat_action_suivi()
    And Clôturée Action                                                                                                # FicheActionStepDefinition.Clôturée_Action()
]]></system-out>
    <system-err><![CDATA[Starting ChromeDriver 83.0.4103.39 (ccbf011cb2d2b19b506d844400483861342c20cd-refs/branch-heads/4103@{#416}) on port 16477
Only local connections are allowed.
Please see https://chromedriver.chromium.org/security-considerations for suggestions on keeping ChromeDriver safe.
ChromeDriver was started successfully.
juil. 09, 2020 8:35:05 PM org.openqa.selenium.remote.DesiredCapabilities chrome
INFO: Using `new ChromeOptions()` is preferred to `DesiredCapabilities.chrome()`
juil. 09, 2020 8:35:11 PM org.openqa.selenium.remote.ProtocolHandshake createSession
INFO: Detected dialect: W3C
Starting ChromeDriver 83.0.4103.39 (ccbf011cb2d2b19b506d844400483861342c20cd-refs/branch-heads/4103@{#416}) on port 30833
Only local connections are allowed.
Please see https://chromedriver.chromium.org/security-considerations for suggestions on keeping ChromeDriver safe.
ChromeDriver was started successfully.
juil. 09, 2020 8:36:11 PM org.openqa.selenium.remote.DesiredCapabilities chrome
INFO: Using `new ChromeOptions()` is preferred to `DesiredCapabilities.chrome()`
juil. 09, 2020 8:36:16 PM org.openqa.selenium.remote.ProtocolHandshake createSession
INFO: Detected dialect: W3C
[1594319780.885][WARNING]: Timed out connecting to Chrome, retrying...
[1594319788.940][WARNING]: Timed out connecting to Chrome, retrying...
[1594319801.796][WARNING]: Timed out connecting to Chrome, retrying...
[1594319814.113][WARNING]: Timed out connecting to Chrome, retrying...
]]></system-err>
  </testcase>
</testsuite>